<?xml version="1.0" encoding="UTF-8"?>
<!-- Generated by org.testng.reporters.JUnitReportReporter -->
<testsuite skipped="0" hostname="LAPTOP-52RVL5RP" name="com.Guru99BankingV1.testCases.TC_AddCustomerTest_003" tests="1" failures="0" timestamp="26 Oct 2021 15:28:12 GMT" time="16.007" errors="0">
  <testcase name="addNewCustomer" time="16.007" classname="com.Guru99BankingV1.testCases.TC_AddCustomerTest_003"/>
</testsuite> <!-- com.Guru99BankingV1.testCases.TC_AddCustomerTest_003 -->
