<?xml version="1.0" encoding="UTF-8"?>
<!-- Generated by org.testng.reporters.JUnitReportReporter -->
<testsuite skipped="0" hostname="LAPTOP-52RVL5RP" name="com.Guru99BankingV1.testCases.TC_LoginTest_001" tests="1" failures="0" timestamp="27 Oct 2021 07:09:06 GMT" time="1.655" errors="0">
  <testcase name="loginTest" time="1.655" classname="com.Guru99BankingV1.testCases.TC_LoginTest_001"/>
</testsuite> <!-- com.Guru99BankingV1.testCases.TC_LoginTest_001 -->
